#
# A fatal error has been detected by the Java Runtime Environment:
#
#  EXCEPTION_ACCESS_VIOLATION (0xc0000005) at pc=0x000000006da20081, pid=8096, tid=8236
#
# JRE version: 6.0_21-b07
# Java VM: Java HotSpot(TM) 64-Bit Server VM (17.0-b17 mixed mode windows-amd64 )
# Problematic frame:
# V  [jvm.dll+0x230081]
#
# If you would like to submit a bug report, please visit:
#   http://java.sun.com/webapps/bugreport/crash.jsp
#

---------------  T H R E A D  ---------------

Current thread (0x000000000652d000):  JavaThread "Java2D Disposer" daemon [_thread_in_vm, id=8236, stack(0x0000000008110000,0x0000000008510000)]

siginfo: ExceptionCode=0xc0000005, reading address 0x0000000000000011

Registers:
EAX=0x000000000850f1f8, EBX=0x00000000065565a8, ECX=0x0000000000000000, EDX=0x000000000652d000
ESP=0x000000000850f150, EBP=0x0000000000000000, ESI=0x000000000653c4d0, EDI=0x000000000850f3d0
EIP=0x000000006da20081, EFLAGS=0x0000000000010203

Top of Stack: (sp=0x000000000850f150)
0x000000000850f150:   000000000652d000 000000006dc3a338
0x000000000850f160:   0000000000000000 0000000000000005
0x000000000850f170:   00000000299d44f8 000000006d852eee
0x000000000850f180:   000000000653c4d0 00000000064e4020
0x000000000850f190:   00000000064e4030 00000000064e4408
0x000000000850f1a0:   000000000850f1e0 0000000006556598
0x000000000850f1b0:   000000000f017c68 000000006dc3a2ac
0x000000000850f1c0:   0000000000000021 000000000000000c
0x000000000850f1d0:   00000000065565b8 000000000850f3d0
0x000000000850f1e0:   000000000652d1c8 000000006dc3a5b8
0x000000000850f1f0:   0000000000000004 00000000065565a0
0x000000000850f200:   000000000850f2a8 000000006dba6119
0x000000000850f210:   000000000850f2a8 000000006d9661e1
0x000000000850f220:   0000000006556500 00000000065565b0
0x000000000850f230:   000000000850f2a8 0000000006556598
0x000000000850f240:   000000000049acc0 000000006da055fa 

Instructions: (pc=0x000000006da20081)
0x000000006da20071:   00 00 4c 89 2c c8 ff 84 24 98 01 00 00 4c 8b 03
0x000000006da20081:   49 8b 40 10 4d 8b 40 18 0f b7 48 42 4d 8b 44 c8 


Stack: [0x0000000008110000,0x0000000008510000],  sp=0x000000000850f150,  free space=ffc0000000000000000k
Native frames: (J=compiled Java code, j=interpreted, Vv=VM code, C=native code)
V  [jvm.dll+0x230081]

[error occurred during error reporting (printing native stack), id 0xc0000005]

Java frames: (J=compiled Java code, j=interpreted, Vv=VM code)
j  java.awt.Cursor.finalizeImpl(J)V+0
j  java.awt.Cursor.access$000(J)V+1
j  java.awt.Cursor$CursorDisposer.dispose()V+13
j  sun.java2d.Disposer.run()V+26
j  java.lang.Thread.run()V+11
v  ~StubRoutines::call_stub

---------------  P R O C E S S  ---------------

Java Threads: ( => current thread )
  0x0000000006531800 JavaThread "Thread-1" daemon [_thread_in_native, id=7712, stack(0x0000000009fd0000,0x000000000a3d0000)]
  0x0000000006533800 JavaThread "Thread-0" [_thread_blocked, id=8616, stack(0x0000000009bd0000,0x0000000009fd0000)]
  0x0000000006533000 JavaThread "Thread-5" daemon [_thread_blocked, id=8376, stack(0x000000000b2e0000,0x000000000b6e0000)]
  0x0000000006530000 JavaThread "Timer-0" [_thread_blocked, id=8372, stack(0x0000000009510000,0x0000000009910000)]
  0x0000000006530800 JavaThread "DesignManager MakeNGO Loop" [_thread_blocked, id=8368, stack(0x0000000009110000,0x0000000009510000)]
  0x0000000006532000 JavaThread "TimerQueue" daemon [_thread_blocked, id=8300, stack(0x000000000aee0000,0x000000000b2e0000)]
  0x000000000652f000 JavaThread "AWT-EventQueue-0" [_thread_blocked, id=8248, stack(0x0000000008d10000,0x0000000009110000)]
  0x000000000652e800 JavaThread "AWT-Windows" daemon [_thread_blocked, id=8244, stack(0x0000000008910000,0x0000000008d10000)]
  0x000000000652d800 JavaThread "AWT-Shutdown" [_thread_blocked, id=8240, stack(0x0000000008510000,0x0000000008910000)]
=>0x000000000652d000 JavaThread "Java2D Disposer" daemon [_thread_in_vm, id=8236, stack(0x0000000008110000,0x0000000008510000)]
  0x000000000652c800 JavaThread "Server stderr Stream" [_thread_in_native, id=8200, stack(0x00000000079d0000,0x0000000007dd0000)]
  0x000000000652b800 JavaThread "Low Memory Detector" daemon [_thread_blocked, id=3228, stack(0x00000000070d0000,0x00000000074d0000)]
  0x0000000006543000 JavaThread "CompilerThread1" daemon [_thread_blocked, id=7772, stack(0x0000000006fd0000,0x00000000070d0000)]
  0x00000000064e6000 JavaThread "CompilerThread0" daemon [_thread_blocked, id=4708, stack(0x0000000006ed0000,0x0000000006fd0000)]
  0x000000000652b000 JavaThread "Attach Listener" daemon [_thread_blocked, id=7460, stack(0x0000000006ad0000,0x0000000006ed0000)]
  0x000000000652a000 JavaThread "Signal Dispatcher" daemon [_thread_blocked, id=4924, stack(0x00000000066d0000,0x0000000006ad0000)]
  0x000000000042e800 JavaThread "Finalizer" daemon [_thread_blocked, id=6476, stack(0x00000000060d0000,0x00000000064d0000)]
  0x0000000000428000 JavaThread "Reference Handler" daemon [_thread_blocked, id=4412, stack(0x0000000005cd0000,0x00000000060d0000)]
  0x000000000049d000 JavaThread "main" [_thread_blocked, id=1904, stack(0x0000000000030000,0x0000000000130000)]

Other Threads:
  0x0000000000425000 VMThread [stack: 0x0000000005bd0000,0x0000000005cd0000] [id=4696]
  0x0000000006556000 WatcherThread [stack: 0x00000000074d0000,0x00000000075d0000] [id=7640]

VM state:synchronizing (normal execution)

VM Mutex/Monitor currently owned by a thread:  ([mutex/lock_event])
[0x000000000049b240] Threads_lock - owner thread: 0x0000000000425000

Heap
 PSYoungGen      total 65152K, used 4454K [0x0000000029970000, 0x0000000031870000, 0x0000000034410000)
  eden space 60160K, 1% used [0x0000000029970000,0x0000000029a6db98,0x000000002d430000)
  from space 4992K, 68% used [0x000000002d430000,0x000000002d78c060,0x000000002d910000)
  to   space 4864K, 0% used [0x00000000313b0000,0x00000000313b0000,0x0000000031870000)
 PSOldGen        total 40512K, used 15178K [0x0000000014410000, 0x0000000016ba0000, 0x0000000029970000)
  object space 40512K, 37% used [0x0000000014410000,0x00000000152e2b10,0x0000000016ba0000)
 PSPermGen       total 21248K, used 18026K [0x000000000f010000, 0x00000000104d0000, 0x0000000014410000)
  object space 21248K, 84% used [0x000000000f010000,0x00000000101aabc0,0x00000000104d0000)

Dynamic libraries:
0x0000000140000000 - 0x000000014000b000 	C:\Xilinx14_7\14.7\ISE_DS\ISE\bin\nt64\unwrapped\inserter.exe
0x0000000077b80000 - 0x0000000077d2a000 	C:\Windows\SYSTEM32\ntdll.dll
0x0000000077a60000 - 0x0000000077b7f000 	C:\Windows\system32\kernel32.dll
0x000007fefd890000 - 0x000007fefd8fa000 	C:\Windows\system32\KERNELBASE.dll
0x000007feffd90000 - 0x000007feffe6b000 	C:\Windows\system32\ADVAPI32.dll
0x000007fefeed0000 - 0x000007fefef6f000 	C:\Windows\system32\msvcrt.dll
0x000007feffe70000 - 0x000007feffe8f000 	C:\Windows\SYSTEM32\sechost.dll
0x000007fefef70000 - 0x000007feff09d000 	C:\Windows\system32\RPCRT4.dll
0x0000000077960000 - 0x0000000077a5a000 	C:\Windows\system32\USER32.dll
0x000007feff840000 - 0x000007feff8a7000 	C:\Windows\system32\GDI32.dll
0x000007feff0d0000 - 0x000007feff0de000 	C:\Windows\system32\LPK.dll
0x000007feff8c0000 - 0x000007feff98b000 	C:\Windows\system32\USP10.dll
0x00000000733d0000 - 0x0000000073473000 	C:\Windows\WinSxS\amd64_microsoft.vc90.crt_1fc8b3b9a1e18e3b_9.0.30729.6161_none_08e61857a83bc251\MSVCR90.dll
0x000007feff0a0000 - 0x000007feff0ce000 	C:\Windows\system32\IMM32.DLL
0x000007feff730000 - 0x000007feff839000 	C:\Windows\system32\MSCTF.dll
0x000007fefd7a0000 - 0x000007fefd7d1000 	C:\Windows\system32\nvinitx.dll
0x000000000f000000 - 0x000000000f006000 	C:\Program Files\NVIDIA Corporation\CoProcManager\detoured.dll
0x000007fefaa50000 - 0x000007fefaa82000 	C:\Program Files\NVIDIA Corporation\CoProcManager\nvd3d9wrapx.dll
0x000007fefdf60000 - 0x000007fefe137000 	C:\Windows\system32\SETUPAPI.dll
0x000007fefd960000 - 0x000007fefd996000 	C:\Windows\system32\CFGMGR32.dll
0x000007feffc60000 - 0x000007feffd3a000 	C:\Windows\system32\OLEAUT32.dll
0x000007feff4d0000 - 0x000007feff6cc000 	C:\Windows\system32\ole32.dll
0x000007fefd9a0000 - 0x000007fefd9ba000 	C:\Windows\system32\DEVOBJ.dll
0x000007fefaa20000 - 0x000007fefaa42000 	C:\Program Files\NVIDIA Corporation\CoProcManager\nvdxgiwrapx.dll
0x000000006d7f0000 - 0x000000006dec1000 	C:\Xilinx14_7\14.7\ISE_DS\ISE\java6\nt64\jre\bin\server\jvm.dll
0x000007fefa5c0000 - 0x000007fefa5fb000 	C:\Windows\system32\WINMM.dll
0x000000006d760000 - 0x000000006d76e000 	C:\Xilinx14_7\14.7\ISE_DS\ISE\java6\nt64\jre\bin\verify.dll
0x000000006d3b0000 - 0x000000006d3d7000 	C:\Xilinx14_7\14.7\ISE_DS\ISE\java6\nt64\jre\bin\java.dll
0x000000006d310000 - 0x000000006d31a000 	C:\Xilinx14_7\14.7\ISE_DS\ISE\java6\nt64\jre\bin\hpi.dll
0x0000000077d50000 - 0x0000000077d57000 	C:\Windows\system32\PSAPI.DLL
0x000000006d7b0000 - 0x000000006d7c2000 	C:\Xilinx14_7\14.7\ISE_DS\ISE\java6\nt64\jre\bin\zip.dll
0x000007fefd670000 - 0x000007fefd6c7000 	C:\Windows\system32\apphelp.dll
0x000000006d000000 - 0x000000006d1c3000 	C:\Xilinx14_7\14.7\ISE_DS\ISE\java6\nt64\jre\bin\awt.dll
0x000007fefa1f0000 - 0x000007fefa261000 	C:\Windows\system32\WINSPOOL.DRV
0x000007fefe140000 - 0x000007fefeecb000 	C:\Windows\system32\SHELL32.dll
0x000007feffb40000 - 0x000007feffbb1000 	C:\Windows\system32\SHLWAPI.dll
0x000007fefc6e0000 - 0x000007fefc780000 	C:\Windows\WinSxS\amd64_microsoft.windows.common-controls_6595b64144ccf1df_5.82.7601.18837_none_a4d981ff711297b6\COMCTL32.dll
0x000007fefc650000 - 0x000007fefc668000 	C:\Windows\system32\DWMAPI.DLL
0x000007fefc670000 - 0x000007fefc6c6000 	C:\Windows\system32\uxtheme.dll
0x000007fefd6d0000 - 0x000007fefd6df000 	C:\Windows\system32\CRYPTBASE.dll
0x000000006d2a0000 - 0x000000006d30b000 	C:\Xilinx14_7\14.7\ISE_DS\ISE\java6\nt64\jre\bin\fontmanager.dll
0x000000006d600000 - 0x000000006d617000 	C:\Xilinx14_7\14.7\ISE_DS\ISE\java6\nt64\jre\bin\net.dll
0x000007feffd40000 - 0x000007feffd8d000 	C:\Windows\system32\WS2_32.dll
0x000007feff8b0000 - 0x000007feff8b8000 	C:\Windows\system32\NSI.dll
0x000007fefd000000 - 0x000007fefd055000 	C:\Windows\system32\mswsock.dll
0x000007fefcff0000 - 0x000007fefcff7000 	C:\Windows\System32\wship6.dll
0x000000006d620000 - 0x000000006d62b000 	C:\Xilinx14_7\14.7\ISE_DS\ISE\java6\nt64\jre\bin\nio.dll

VM Arguments:
jvm_args: -Xmx512m -Xss4m -Dchipscope.dir=C:\Xilinx14_7\14.7\ISE_DS\ISE\bin\nt64\unwrapped\../../java/chipscope/ vfprintf 
java_command: <unknown>
Launcher Type: generic

Environment Variables:
PATH=C:\Xilinx14_7\14.7\ISE_DS\ISE\\lib\nt64;C:\Xilinx14_7\14.7\ISE_DS\ISE\\bin\nt64;C:\Xilinx14_7\14.7\ISE_DS\ISE\bin\nt64;C:\Xilinx14_7\14.7\ISE_DS\ISE\lib\nt64;C:\Xilinx14_7\14.7\ISE_DS\ISE\..\..\..\DocNav;C:\Xilinx14_7\14.7\ISE_DS\PlanAhead\bin;C:\Xilinx14_7\14.7\ISE_DS\EDK\bin\nt64;C:\Xilinx14_7\14.7\ISE_DS\EDK\lib\nt64;C:\Xilinx14_7\14.7\ISE_DS\EDK\gnu\microblaze\nt\bin;C:\Xilinx14_7\14.7\ISE_DS\EDK\gnu\powerpc-eabi\nt\bin;C:\Xilinx14_7\14.7\ISE_DS\EDK\gnuwin\bin;C:\Xilinx14_7\14.7\ISE_DS\EDK\gnu\arm\nt\bin;C:\Xilinx14_7\14.7\ISE_DS\EDK\gnu\microblaze\linux_toolchain\nt64_be\bin;C:\Xilinx14_7\14.7\ISE_DS\EDK\gnu\microblaze\linux_toolchain\nt64_le\bin;C:\Xilinx14_7\14.7\ISE_DS\common\bin\nt64;C:\Xilinx14_7\14.7\ISE_DS\common\lib\nt64;c:\mentorgraphics\9.4pads\sdd_home\common\win32\bin;c:\mentorgraphics\9.4pads\sdd_home\common\win32\lib;mgc_home\bin;mgc_home\lib;C:\Windows\system32;C:\Windows;C:\Windows\system32\wbem;C:\Program Files\MATLAB\R2014a\runtime\win64;C:\Program Files\MATLAB\R2014a\bin;C:\Program Files\MATLAB\R2014a\polyspace\bin;C:\Cadence\SPB_16.5\OpenAccess\bin\win32\opt;C:\Cadence\SPB_16.5\tools\Capture;C:\Cadence\SPB_16.5\tools\PSpice\Library;C:\Cadence\SPB_16.5\tools\PSpice;C:\Cadence\SPB_16.5\tools\specctra\bin;C:\Cadence\SPB_16.5\tools\fet\bin;C:\Cadence\SPB_16.5\tools\libutil\bin;C:\Cadence\SPB_16.5\tools\bin;C:\Cadence\SPB_16.5\tools\pcb\bin;C:\modeltech64_10.1c\win64
USERNAME=Thinkpad
OS=Windows_NT
PROCESSOR_IDENTIFIER=Intel64 Family 6 Model 61 Stepping 4, GenuineIntel



---------------  S Y S T E M  ---------------

OS: Windows 7 Build 7601 Service Pack 1

CPU:total 4 (8 cores per cpu, 2 threads per core) family 6 model 61 stepping 4, cmov, cx8, fxsr, mmx, sse, sse2, sse3, ssse3, sse4.1, sse4.2, popcnt, ht

Memory: 4k page, physical 3883380k(1057308k free), swap 7764900k(3647636k free)

vm_info: Java HotSpot(TM) 64-Bit Server VM (17.0-b17) for windows-amd64 JRE (1.6.0_21-b07), built on Jul 17 2010 01:05:36 by "java_re" with MS VC++ 8.0 (VS2005)

time: Sat Jun 24 15:45:04 2017
elapsed time: 225 seconds

